2025-05-14 16:44:39,083 Starting for species: Humpback
2025-05-14 16:44:39,084 Location: ALBS04
2025-05-14 16:45:56,614 Starting for species: Humpback
2025-05-14 16:45:56,614 Location: AL16_BS4
2025-05-14 21:52:13,508 Starting for species: Humpback
2025-05-14 21:52:13,508 Location: AL16_BS4_hump_data
2025-05-14 21:52:13,969 Processing 252 files in ./DataInput/Humpback/AL16_BS4_hump_data
2025-05-14 21:52:18,459 ./DataInput/Humpback/AL16_BS4_hump_data/AU-ALBS04_20170921_153000.wav → 140 segments
2025-05-14 21:52:51,905 Starting for species: Humpback
2025-05-14 21:52:52,197 Processing 252 files in ./DataInput/Humpback/AL16_BS4_hump_data
2025-05-14 21:52:56,317 AU-ALBS04_20170921_153000.wav: 140 images created
2025-05-14 21:53:03,167 AU-ALBS04_20161202_120000.wav: 280 images created
2025-05-14 21:53:12,204 AU-ALBS04_20161215_161000.wav: 374 images created
2025-05-14 21:53:16,532 AU-ALBS04_20161224_145000.wav: 140 images created
2025-05-14 21:53:20,558 AU-ALBS04_20170109_101000.wav: 140 images created
2025-05-14 21:53:26,844 AU-ALBS04_20161130_104345.wav: 234 images created
2025-05-14 21:53:34,094 AU-ALBS04_20161010_093000.wav: 280 images created
2025-05-14 21:53:43,530 AU-ALBS04_20161010_090000.wav: 374 images created
2025-05-14 21:53:53,011 AU-ALBS04_20161211_012000.wav: 374 images created
2025-05-14 21:53:57,263 AU-ALBS04_20170108_094000.wav: 140 images created
2025-05-14 21:54:06,574 AU-ALBS04_20161218_180000.wav: 374 images created
2025-05-14 21:54:15,860 AU-ALBS04_20161211_061000.wav: 374 images created
2025-05-14 21:54:19,085 AU-ALBS04_20161206_111730.wav: 93 images created
2025-05-14 21:54:23,047 AU-ALBS04_20161218_191000.wav: 140 images created
2025-05-14 21:54:30,048 AU-ALBS04_20161215_111000.wav: 280 images created
2025-05-14 21:54:39,596 AU-ALBS04_20161215_104000.wav: 374 images created
2025-05-14 21:54:47,144 AU-ALBS04_20170531_081000.wav: 280 images created
2025-05-14 21:54:51,060 AU-ALBS04_20161128_130000.wav: 140 images created
2025-05-14 21:54:58,294 AU-ALBS04_20170921_010000.wav: 280 images created
2025-05-14 21:55:07,661 AU-ALBS04_20161219_040000.wav: 374 images created
2025-05-14 21:55:17,750 AU-ALBS04_20161218_141000.wav: 374 images created
2025-05-14 21:55:27,129 AU-ALBS04_20161010_101000.wav: 374 images created
2025-05-14 21:55:36,550 AU-ALBS04_20170109_053000.wav: 374 images created
2025-05-14 21:55:45,968 AU-ALBS04_20161228_091000.wav: 374 images created
2025-05-14 21:55:53,592 AU-ALBS04_20170625_131000.wav: 280 images created
2025-05-14 21:55:57,896 AU-ALBS04_20170921_011000.wav: 140 images created
2025-05-14 21:56:07,548 AU-ALBS04_20161128_140000.wav: 374 images created
2025-05-14 21:56:11,721 AU-ALBS04_20161129_145000.wav: 140 images created
2025-05-14 21:56:16,063 AU-ALBS04_20170923_123000.wav: 140 images created
2025-05-14 21:56:19,305 AU-ALBS04_20161222_180730.wav: 93 images created
2025-05-14 21:56:22,644 AU-ALBS04_20161129_095730.wav: 93 images created
2025-05-14 21:56:31,942 AU-ALBS04_20161218_090000.wav: 374 images created
2025-05-14 21:56:41,151 AU-ALBS04_20161010_091000.wav: 374 images created
2025-05-14 21:56:50,373 AU-ALBS04_20161228_081000.wav: 374 images created
2025-05-14 21:56:59,332 AU-ALBS04_20161010_095000.wav: 374 images created
2025-05-14 21:57:03,179 AU-ALBS04_20161218_083000.wav: 140 images created
2025-05-14 21:57:05,980 AU-ALBS04_20170921_153730.wav: 93 images created
2025-05-14 21:57:09,891 AU-ALBS04_20161224_140000.wav: 140 images created
2025-05-14 21:57:12,706 AU-ALBS04_20161219_192730.wav: 93 images created
2025-05-14 21:57:21,018 AU-ALBS04_20170520_221000.wav: 374 images created
2025-05-14 21:57:25,761 AU-ALBS04_20161206_115000.wav: 168 images created
2025-05-14 21:57:32,961 AU-ALBS04_20161027_061000.wav: 280 images created
2025-05-14 21:57:35,869 AU-ALBS04_20161215_211730.wav: 93 images created
2025-05-14 21:57:39,148 AU-ALBS04_20170109_101730.wav: 93 images created
2025-05-14 21:57:48,424 AU-ALBS04_20170108_150000.wav: 374 images created
2025-05-14 21:57:52,538 AU-ALBS04_20161211_013000.wav: 140 images created
2025-05-14 21:57:54,491 AU-ALBS04_20170531_080900.wav: 37 images created
2025-05-14 21:57:57,507 AU-ALBS04_20170521_072730.wav: 93 images created
2025-05-14 21:58:07,058 AU-ALBS04_20161228_083000.wav: 374 images created
2025-05-14 21:58:09,796 AU-ALBS04_20161211_013730.wav: 93 images created
2025-05-14 21:58:13,652 AU-ALBS04_20170617_201000.wav: 140 images created
2025-05-14 21:58:16,484 AU-ALBS04_20161218_040730.wav: 93 images created
2025-05-14 21:58:23,271 AU-ALBS04_20161130_110000.wav: 280 images created
2025-05-14 21:58:26,450 AU-ALBS04_20161107_074730.wav: 93 images created
2025-05-14 21:58:35,368 AU-ALBS04_20161220_101000.wav: 374 images created
2025-05-14 21:58:39,313 AU-ALBS04_20170521_173345.wav: 140 images created
2025-05-14 21:58:48,519 AU-ALBS04_20170108_142000.wav: 374 images created
2025-05-14 21:58:51,931 AU-ALBS04_20161215_210730.wav: 93 images created
2025-05-14 21:58:55,144 AU-ALBS04_20170531_075730.wav: 93 images created
2025-05-14 21:59:02,523 AU-ALBS04_20161125_110000.wav: 280 images created
2025-05-14 21:59:11,738 AU-ALBS04_20161218_084000.wav: 374 images created
2025-05-14 21:59:20,613 AU-ALBS04_20170204_062000.wav: 374 images created
2025-05-14 21:59:24,905 AU-ALBS04_20170525_064000.wav: 140 images created
2025-05-14 21:59:32,429 AU-ALBS04_20161202_121000.wav: 280 images created
2025-05-14 21:59:36,462 AU-ALBS04_20161219_145000.wav: 140 images created
2025-05-14 21:59:46,434 AU-ALBS04_20170108_093000.wav: 374 images created
2025-05-14 21:59:50,334 AU-ALBS04_20161129_144345.wav: 140 images created
2025-05-14 21:59:59,666 AU-ALBS04_20170108_141000.wav: 374 images created
2025-05-14 22:00:03,237 AU-ALBS04_20161224_142000.wav: 112 images created
2025-05-14 22:00:06,282 AU-ALBS04_20170614_065730.wav: 93 images created
2025-05-14 22:00:13,799 AU-ALBS04_20161218_041000.wav: 280 images created
2025-05-14 22:00:15,771 AU-ALBS04_20161107_075300.wav: 55 images created
2025-05-14 22:00:21,969 AU-ALBS04_20161215_050345.wav: 234 images created
2025-05-14 22:00:31,306 AU-ALBS04_20161228_085000.wav: 374 images created
2025-05-14 22:00:40,570 AU-ALBS04_20161130_105000.wav: 374 images created
2025-05-14 22:00:43,576 AU-ALBS04_20170109_052730.wav: 93 images created
2025-05-14 22:00:46,355 AU-ALBS04_20161127_125730.wav: 93 images created
2025-05-14 22:00:53,068 AU-ALBS04_20170109_011000.wav: 280 images created
2025-05-14 22:00:56,996 AU-ALBS04_20170525_063345.wav: 140 images created
2025-05-14 22:00:58,759 AU-ALBS04_20161027_060900.wav: 37 images created
2025-05-14 22:01:08,182 AU-ALBS04_20161228_134000.wav: 374 images created
2025-05-14 22:01:10,506 AU-ALBS04_20161206_121600.wav: 55 images created
2025-05-14 22:01:16,717 AU-ALBS04_20161218_140000.wav: 280 images created
2025-05-14 22:01:18,405 AU-ALBS04_20170922_210345.wav: 27 images created
2025-05-14 22:01:24,181 AU-ALBS04_20170520_220345.wav: 234 images created
2025-05-14 22:01:28,480 AU-ALBS04_20161205_051600.wav: 149 images created
2025-05-14 22:01:37,755 AU-ALBS04_20161228_135000.wav: 374 images created
2025-05-14 22:01:40,767 AU-ALBS04_20161218_091730.wav: 93 images created
2025-05-14 22:01:42,453 AU-ALBS04_20170930_051900.wav: 37 images created
2025-05-14 22:01:45,494 AU-ALBS04_20161128_132730.wav: 93 images created
2025-05-14 22:01:54,470 AU-ALBS04_20161220_100000.wav: 374 images created
2025-05-14 22:01:58,253 AU-ALBS04_20170521_224345.wav: 140 images created
2025-05-14 22:02:05,509 AU-ALBS04_20161130_153345.wav: 234 images created
2025-05-14 22:02:08,267 AU-ALBS04_20170109_005730.wav: 93 images created
2025-05-14 22:02:11,108 AU-ALBS04_20161125_105730.wav: 93 images created
2025-05-14 22:02:14,970 AU-ALBS04_20161205_052000.wav: 140 images created
2025-05-14 22:02:16,933 AU-ALBS04_20161228_130000.wav: 55 images created
2025-05-14 22:02:20,765 AU-ALBS04_20161124_140000.wav: 140 images created
2025-05-14 22:02:29,743 AU-ALBS04_20161221_110000.wav: 374 images created
2025-05-14 22:02:32,850 AU-ALBS04_20161218_191730.wav: 93 images created
2025-05-14 22:02:36,025 AU-ALBS04_20161222_123430.wav: 112 images created
2025-05-14 22:02:44,976 AU-ALBS04_20161228_082000.wav: 374 images created
2025-05-14 22:02:51,944 AU-ALBS04_20161228_140000.wav: 280 images created
2025-05-14 22:03:01,050 AU-ALBS04_20170109_060000.wav: 374 images created
2025-05-14 22:03:09,783 AU-ALBS04_20170108_144000.wav: 374 images created
2025-05-14 22:03:18,844 AU-ALBS04_20170108_143000.wav: 374 images created
2025-05-14 22:03:22,803 AU-ALBS04_20170522_080000.wav: 140 images created
2025-05-14 22:03:26,183 AU-ALBS04_20161218_080730.wav: 93 images created
2025-05-14 22:03:29,374 AU-ALBS04_20161130_101730.wav: 93 images created
2025-05-14 22:03:31,366 AU-ALBS04_20161224_142900.wav: 37 images created
2025-05-14 22:03:38,552 AU-ALBS04_20161220_200000.wav: 280 images created
2025-05-14 22:03:45,849 AU-ALBS04_20161027_060000.wav: 280 images created
2025-05-14 22:03:48,844 AU-ALBS04_20161222_220730.wav: 93 images created
2025-05-14 22:03:52,973 AU-ALBS04_20161127_130000.wav: 140 images created
2025-05-14 22:04:02,158 AU-ALBS04_20170109_100000.wav: 374 images created
2025-05-14 22:04:11,251 AU-ALBS04_20161211_060000.wav: 374 images created
2025-05-14 22:04:17,441 AU-ALBS04_20161129_100345.wav: 234 images created
2025-05-14 22:04:21,629 AU-ALBS04_20161127_124345.wav: 140 images created
2025-05-14 22:04:25,611 AU-ALBS04_20161222_222000.wav: 140 images created
2025-05-14 22:04:34,330 AU-ALBS04_20161220_104000.wav: 374 images created
2025-05-14 22:04:42,359 AU-ALBS04_20170108_145000.wav: 374 images created
2025-05-14 22:04:48,172 AU-ALBS04_20161128_134345.wav: 234 images created
2025-05-14 22:04:51,112 AU-ALBS04_20161124_140730.wav: 93 images created
2025-05-14 22:04:59,914 AU-ALBS04_20170204_063000.wav: 374 images created
2025-05-14 22:05:03,985 AU-ALBS04_20161222_124345.wav: 140 images created
2025-05-14 22:05:11,037 AU-ALBS04_20161206_110000.wav: 280 images created
2025-05-14 22:05:18,007 AU-ALBS04_20161207_122000.wav: 280 images created
2025-05-14 22:05:27,485 AU-ALBS04_20161228_131000.wav: 374 images created
2025-05-14 22:05:36,763 AU-ALBS04_20161228_084000.wav: 374 images created
2025-05-14 22:05:44,060 AU-ALBS04_20161211_020000.wav: 280 images created
2025-05-14 22:05:48,430 AU-ALBS04_20170918_180000.wav: 140 images created
2025-05-14 22:05:57,982 AU-ALBS04_20170109_010000.wav: 374 images created
2025-05-14 22:05:59,744 AU-ALBS04_20170921_011900.wav: 37 images created
2025-05-14 22:06:02,929 AU-ALBS04_20170628_011430.wav: 112 images created
2025-05-14 22:06:07,029 AU-ALBS04_20170614_064000.wav: 140 images created
2025-05-14 22:06:11,043 AU-ALBS04_20170615_021345.wav: 140 images created
2025-05-14 22:06:17,146 AU-ALBS04_20170109_061000.wav: 224 images created
2025-05-14 22:06:21,412 AU-ALBS04_20170615_022345.wav: 140 images created
2025-05-14 22:06:27,782 AU-ALBS04_20161218_034345.wav: 234 images created
2025-05-14 22:06:37,215 AU-ALBS04_20161206_112000.wav: 374 images created
2025-05-14 22:06:41,445 AU-ALBS04_20161224_150000.wav: 140 images created
2025-05-14 22:06:47,726 AU-ALBS04_20161207_131345.wav: 234 images created
2025-05-14 22:06:57,358 AU-ALBS04_20161228_133000.wav: 374 images created
2025-05-14 22:07:02,707 AU-ALBS04_20161119_192345.wav: 234 images created
2025-05-14 22:07:05,548 AU-ALBS04_20161224_145730.wav: 93 images created
2025-05-14 22:07:09,900 AU-ALBS04_20161208_081345.wav: 140 images created
2025-05-14 22:07:12,861 AU-ALBS04_20161228_130730.wav: 93 images created
2025-05-14 22:07:22,004 AU-ALBS04_20161211_062000.wav: 374 images created
2025-05-14 22:07:31,399 AU-ALBS04_20161228_141000.wav: 374 images created
2025-05-14 22:07:40,694 AU-ALBS04_20161220_051000.wav: 374 images created
2025-05-14 22:07:44,830 AU-ALBS04_20170109_005000.wav: 140 images created
2025-05-14 22:07:51,236 AU-ALBS04_20170109_050345.wav: 234 images created
2025-05-14 22:08:00,512 AU-ALBS04_20161010_100000.wav: 374 images created
2025-05-14 22:08:09,713 AU-ALBS04_20161206_113000.wav: 374 images created
2025-05-14 22:08:16,137 AU-ALBS04_20170108_140345.wav: 234 images created
2025-05-14 22:08:23,704 AU-ALBS04_20170531_080000.wav: 280 images created
2025-05-14 22:08:27,699 AU-ALBS04_20161218_091000.wav: 140 images created
2025-05-14 22:08:37,326 AU-ALBS04_20161213_081000.wav: 374 images created
2025-05-14 22:08:47,131 AU-ALBS04_20170109_055000.wav: 374 images created
2025-05-14 22:08:50,957 AU-ALBS04_20161207_121000.wav: 140 images created
2025-05-14 22:08:53,884 AU-ALBS04_20161207_120730.wav: 93 images created
2025-05-14 22:09:00,200 AU-ALBS04_20161211_015345.wav: 234 images created
2025-05-14 22:09:09,306 AU-ALBS04_20161215_154000.wav: 374 images created
2025-05-14 22:09:18,863 AU-ALBS04_20170109_051000.wav: 374 images created
2025-05-14 22:09:28,136 AU-ALBS04_20161130_152000.wav: 374 images created
2025-05-14 22:09:31,069 AU-ALBS04_20170922_015730.wav: 93 images created
2025-05-14 22:09:35,194 AU-ALBS04_20161206_111000.wav: 140 images created
2025-05-14 22:09:37,307 AU-ALBS04_20161224_143000.wav: 55 images created
2025-05-14 22:09:46,829 AU-ALBS04_20161215_160000.wav: 374 images created
2025-05-14 22:09:49,690 AU-ALBS04_20161224_150730.wav: 93 images created
2025-05-14 22:09:59,091 AU-ALBS04_20161220_053000.wav: 374 images created
2025-05-14 22:10:08,394 AU-ALBS04_20161220_060000.wav: 374 images created
2025-05-14 22:10:17,854 AU-ALBS04_20161215_155000.wav: 374 images created
2025-05-14 22:10:27,466 AU-ALBS04_20161224_151000.wav: 374 images created
2025-05-14 22:10:37,124 AU-ALBS04_20161219_041000.wav: 374 images created
2025-05-14 22:10:40,194 AU-ALBS04_20161010_094730.wav: 93 images created
2025-05-14 22:10:47,383 AU-ALBS04_20161206_114000.wav: 280 images created
2025-05-14 22:10:50,447 AU-ALBS04_20161208_080730.wav: 93 images created
2025-05-14 22:10:59,701 AU-ALBS04_20161215_153000.wav: 374 images created
2025-05-14 22:11:08,618 AU-ALBS04_20161220_055000.wav: 374 images created
2025-05-14 22:11:14,779 AU-ALBS04_20161205_003345.wav: 234 images created
2025-05-14 22:11:18,991 AU-ALBS04_20170915_040000.wav: 140 images created
2025-05-14 22:11:23,023 AU-ALBS04_20161224_042000.wav: 140 images created
2025-05-14 22:11:26,823 AU-ALBS04_20161213_080000.wav: 140 images created
2025-05-14 22:11:30,969 AU-ALBS04_20161207_120000.wav: 140 images created
2025-05-14 22:11:33,896 AU-ALBS04_20161217_122730.wav: 93 images created
2025-05-14 22:11:37,715 AU-ALBS04_20161213_082000.wav: 140 images created
2025-05-14 22:11:41,573 AU-ALBS04_20161224_141000.wav: 140 images created
2025-05-14 22:11:45,362 AU-ALBS04_20161219_201000.wav: 140 images created
2025-05-14 22:11:54,424 AU-ALBS04_20161220_052000.wav: 374 images created
2025-05-14 22:11:58,418 AU-ALBS04_20170706_085000.wav: 140 images created
2025-05-14 22:11:59,964 AU-ALBS04_20161206_120900.wav: 37 images created
2025-05-14 22:12:02,770 AU-ALBS04_20161207_121730.wav: 93 images created
2025-05-14 22:12:10,148 AU-ALBS04_20161211_011000.wav: 280 images created
2025-05-14 22:12:19,446 AU-ALBS04_20161222_221000.wav: 374 images created
2025-05-14 22:12:28,760 AU-ALBS04_20161211_021000.wav: 374 images created
2025-05-14 22:12:33,082 AU-ALBS04_20161218_033000.wav: 140 images created
2025-05-14 22:12:42,732 AU-ALBS04_20161129_101000.wav: 374 images created
2025-05-14 22:12:46,097 AU-ALBS04_20161128_135730.wav: 93 images created
2025-05-14 22:12:55,298 AU-ALBS04_20161220_061000.wav: 374 images created
2025-05-14 22:13:04,808 AU-ALBS04_20161228_132000.wav: 374 images created
2025-05-14 22:13:13,990 AU-ALBS04_20161205_050000.wav: 374 images created
2025-05-14 22:13:20,142 AU-ALBS04_20170921_005345.wav: 234 images created
2025-05-14 22:13:26,441 AU-ALBS04_20161126_111345.wav: 234 images created
2025-05-14 22:13:29,520 AU-ALBS04_20161219_191730.wav: 93 images created
2025-05-14 22:13:33,706 AU-ALBS04_20161218_185345.wav: 140 images created
2025-05-14 22:13:39,964 AU-ALBS04_20161027_062000.wav: 280 images created
2025-05-14 22:13:42,843 AU-ALBS04_20170109_061730.wav: 93 images created
2025-05-14 22:13:45,828 AU-ALBS04_20161224_140730.wav: 93 images created
2025-05-14 22:13:47,753 AU-ALBS04_20161224_143900.wav: 37 images created
2025-05-14 22:13:57,118 AU-ALBS04_20161218_035000.wav: 374 images created
2025-05-14 22:14:01,161 AU-ALBS04_20170519_010000.wav: 140 images created
2025-05-14 22:14:05,100 AU-ALBS04_20161215_103345.wav: 140 images created
2025-05-14 22:14:14,120 AU-ALBS04_20161220_102000.wav: 374 images created
2025-05-14 22:14:17,792 AU-ALBS04_20161219_192000.wav: 140 images created
2025-05-14 22:14:23,205 AU-ALBS04_20161211_014130.wav: 224 images created
2025-05-14 22:14:31,798 AU-ALBS04_20161125_111000.wav: 374 images created
2025-05-14 22:14:41,182 AU-ALBS04_20161215_110000.wav: 374 images created
2025-05-14 22:14:47,709 AU-ALBS04_20161119_193000.wav: 280 images created
2025-05-14 22:14:51,619 AU-ALBS04_20170625_121345.wav: 140 images created
2025-05-14 22:15:00,828 AU-ALBS04_20161130_150000.wav: 374 images created
2025-05-14 22:15:07,692 AU-ALBS04_20161218_081000.wav: 280 images created
2025-05-14 22:15:10,454 AU-ALBS04_20161218_085730.wav: 93 images created
2025-05-14 22:15:13,741 AU-ALBS04_20161219_091730.wav: 93 images created
2025-05-14 22:15:20,906 AU-ALBS04_20161130_111000.wav: 280 images created
2025-05-14 22:15:29,762 AU-ALBS04_20161224_144000.wav: 374 images created
2025-05-14 22:15:33,546 AU-ALBS04_20161128_133000.wav: 140 images created
2025-05-14 22:15:42,925 AU-ALBS04_20161220_050000.wav: 374 images created
2025-05-14 22:15:46,660 AU-ALBS04_20161222_220000.wav: 140 images created
2025-05-14 22:15:55,475 AU-ALBS04_20161218_082000.wav: 374 images created
2025-05-14 22:16:02,465 AU-ALBS04_20161128_032000.wav: 280 images created
2025-05-14 22:16:07,094 AU-ALBS04_20170109_052000.wav: 168 images created
2025-05-14 22:16:09,392 AU-ALBS04_20161206_120130.wav: 55 images created
2025-05-14 22:16:13,399 AU-ALBS04_20170722_040000.wav: 140 images created
2025-05-14 22:16:17,339 AU-ALBS04_20170525_061345.wav: 140 images created
2025-05-14 22:16:23,656 AU-ALBS04_20161220_103345.wav: 234 images created
2025-05-14 22:16:29,846 AU-ALBS04_20161213_030345.wav: 234 images created
2025-05-14 22:16:39,254 AU-ALBS04_20170109_054000.wav: 374 images created
2025-05-14 22:16:42,973 AU-ALBS04_20161211_010345.wav: 140 images created
2025-05-14 22:16:51,707 AU-ALBS04_20161228_090000.wav: 374 images created
2025-05-14 22:16:55,580 AU-ALBS04_20170525_071345.wav: 140 images created
2025-05-14 22:16:58,473 AU-ALBS04_20161215_152730.wav: 93 images created
2025-05-14 22:17:02,432 AU-ALBS04_20161213_032000.wav: 140 images created
2025-05-14 22:17:11,414 AU-ALBS04_20161010_092000.wav: 374 images created
2025-05-14 22:17:17,928 AU-ALBS04_20161220_105000.wav: 280 images created
2025-05-14 22:17:23,365 AU-ALBS04_20161220_054345.wav: 234 images created
2025-05-14 22:17:26,377 AU-ALBS04_20161218_190730.wav: 93 images created
2025-05-14 22:17:32,585 AU-ALBS04_20161130_151345.wav: 234 images created
2025-05-14 22:17:35,571 AU-ALBS04_20170922_011345.wav: 84 images created
2025-05-14 22:17:44,905 AU-ALBS04_20170109_004000.wav: 374 images created
2025-05-14 22:17:54,705 AU-ALBS04_20161215_105000.wav: 374 images created
2025-05-14 22:18:04,039 AU-ALBS04_20170108_151000.wav: 374 images created
2025-05-14 22:18:04,179 Saved labels to ./DataInput/Humpback/al16_bs4_hump_data_humpback_overlap400ms_spectrogram_labels.csv
2025-05-14 22:18:04,179 No .wav files found under ./DataInput/Humpback/LCI_Chinitna_hump_data
2025-05-14 22:18:04,179 Completed for species: Humpback
