2025-05-15 16:23:47,166 Starting for species: Humpback
2025-05-15 16:23:47,869 Processing 252 files in ./DataInput/Humpback/AL16_BS4_humpback_data
2025-05-15 16:23:55,441 AU-ALBS04_20170921_153000.wav: 140 images created
2025-05-15 16:24:01,747 AU-ALBS04_20161202_120000.wav: 280 images created
2025-05-15 16:24:09,908 AU-ALBS04_20161215_161000.wav: 374 images created
2025-05-15 16:24:13,325 AU-ALBS04_20161224_145000.wav: 140 images created
2025-05-15 16:24:16,704 AU-ALBS04_20170109_101000.wav: 140 images created
2025-05-15 16:24:22,209 AU-ALBS04_20161130_104345.wav: 234 images created
2025-05-15 16:24:28,220 AU-ALBS04_20161010_093000.wav: 280 images created
2025-05-15 16:24:36,306 AU-ALBS04_20161010_090000.wav: 374 images created
2025-05-15 16:24:44,445 AU-ALBS04_20161211_012000.wav: 374 images created
2025-05-15 16:24:48,059 AU-ALBS04_20170108_094000.wav: 140 images created
2025-05-15 16:24:56,548 AU-ALBS04_20161218_180000.wav: 374 images created
2025-05-15 16:25:04,967 AU-ALBS04_20161211_061000.wav: 374 images created
2025-05-15 16:25:07,749 AU-ALBS04_20161206_111730.wav: 93 images created
2025-05-15 16:25:11,554 AU-ALBS04_20161218_191000.wav: 140 images created
2025-05-15 16:25:18,155 AU-ALBS04_20161215_111000.wav: 280 images created
2025-05-15 16:25:26,249 AU-ALBS04_20161215_104000.wav: 374 images created
2025-05-15 16:25:32,786 AU-ALBS04_20170531_081000.wav: 280 images created
2025-05-15 16:25:36,685 AU-ALBS04_20161128_130000.wav: 140 images created
2025-05-15 16:25:43,306 AU-ALBS04_20170921_010000.wav: 280 images created
2025-05-15 16:25:51,418 AU-ALBS04_20161219_040000.wav: 374 images created
2025-05-15 16:25:59,537 AU-ALBS04_20161218_141000.wav: 374 images created
2025-05-15 16:26:07,825 AU-ALBS04_20161010_101000.wav: 374 images created
2025-05-15 16:26:15,909 AU-ALBS04_20170109_053000.wav: 374 images created
2025-05-15 16:26:24,183 AU-ALBS04_20161228_091000.wav: 374 images created
2025-05-15 16:26:30,742 AU-ALBS04_20170625_131000.wav: 280 images created
2025-05-15 16:26:34,375 AU-ALBS04_20170921_011000.wav: 140 images created
2025-05-15 16:26:42,506 AU-ALBS04_20161128_140000.wav: 374 images created
2025-05-15 16:26:46,474 AU-ALBS04_20161129_145000.wav: 140 images created
2025-05-15 16:26:50,059 AU-ALBS04_20170923_123000.wav: 140 images created
2025-05-15 16:26:52,726 AU-ALBS04_20161222_180730.wav: 93 images created
2025-05-15 16:26:55,607 AU-ALBS04_20161129_095730.wav: 93 images created
2025-05-15 16:27:03,600 AU-ALBS04_20161218_090000.wav: 374 images created
2025-05-15 16:27:11,783 AU-ALBS04_20161010_091000.wav: 374 images created
2025-05-15 16:27:20,055 AU-ALBS04_20161228_081000.wav: 374 images created
2025-05-15 16:27:27,896 AU-ALBS04_20161010_095000.wav: 374 images created
2025-05-15 16:27:31,583 AU-ALBS04_20161218_083000.wav: 140 images created
2025-05-15 16:27:34,209 AU-ALBS04_20170921_153730.wav: 93 images created
2025-05-15 16:27:37,856 AU-ALBS04_20161224_140000.wav: 140 images created
2025-05-15 16:27:40,361 AU-ALBS04_20161219_192730.wav: 93 images created
2025-05-15 16:27:48,230 AU-ALBS04_20170520_221000.wav: 374 images created
2025-05-15 16:27:52,348 AU-ALBS04_20161206_115000.wav: 168 images created
2025-05-15 16:27:58,500 AU-ALBS04_20161027_061000.wav: 280 images created
2025-05-15 16:28:01,145 AU-ALBS04_20161215_211730.wav: 93 images created
2025-05-15 16:28:03,832 AU-ALBS04_20170109_101730.wav: 93 images created
2025-05-15 16:28:11,954 AU-ALBS04_20170108_150000.wav: 374 images created
2025-05-15 16:28:15,654 AU-ALBS04_20161211_013000.wav: 140 images created
2025-05-15 16:28:16,986 AU-ALBS04_20170531_080900.wav: 37 images created
2025-05-15 16:28:19,634 AU-ALBS04_20170521_072730.wav: 93 images created
2025-05-15 16:28:27,471 AU-ALBS04_20161228_083000.wav: 374 images created
2025-05-15 16:28:30,078 AU-ALBS04_20161211_013730.wav: 93 images created
2025-05-15 16:28:33,740 AU-ALBS04_20170617_201000.wav: 140 images created
2025-05-15 16:28:36,480 AU-ALBS04_20161218_040730.wav: 93 images created
2025-05-15 16:28:42,507 AU-ALBS04_20161130_110000.wav: 280 images created
2025-05-15 16:28:45,076 AU-ALBS04_20161107_074730.wav: 93 images created
2025-05-15 16:28:53,384 AU-ALBS04_20161220_101000.wav: 374 images created
2025-05-15 16:28:56,907 AU-ALBS04_20170521_173345.wav: 140 images created
2025-05-15 16:29:04,799 AU-ALBS04_20170108_142000.wav: 374 images created
2025-05-15 16:29:07,711 AU-ALBS04_20161215_210730.wav: 93 images created
2025-05-15 16:29:10,408 AU-ALBS04_20170531_075730.wav: 93 images created
2025-05-15 16:29:16,478 AU-ALBS04_20161125_110000.wav: 280 images created
2025-05-15 16:29:24,835 AU-ALBS04_20161218_084000.wav: 374 images created
2025-05-15 16:29:32,562 AU-ALBS04_20170204_062000.wav: 374 images created
2025-05-15 16:29:36,102 AU-ALBS04_20170525_064000.wav: 140 images created
2025-05-15 16:29:42,405 AU-ALBS04_20161202_121000.wav: 280 images created
2025-05-15 16:29:45,984 AU-ALBS04_20161219_145000.wav: 140 images created
2025-05-15 16:29:53,815 AU-ALBS04_20170108_093000.wav: 374 images created
2025-05-15 16:29:57,230 AU-ALBS04_20161129_144345.wav: 140 images created
2025-05-15 16:30:05,059 AU-ALBS04_20170108_141000.wav: 374 images created
2025-05-15 16:30:08,420 AU-ALBS04_20161224_142000.wav: 112 images created
2025-05-15 16:30:10,877 AU-ALBS04_20170614_065730.wav: 93 images created
2025-05-15 16:30:16,947 AU-ALBS04_20161218_041000.wav: 280 images created
2025-05-15 16:30:18,834 AU-ALBS04_20161107_075300.wav: 55 images created
2025-05-15 16:30:24,092 AU-ALBS04_20161215_050345.wav: 234 images created
2025-05-15 16:30:32,025 AU-ALBS04_20161228_085000.wav: 374 images created
2025-05-15 16:30:39,762 AU-ALBS04_20161130_105000.wav: 374 images created
2025-05-15 16:30:42,604 AU-ALBS04_20170109_052730.wav: 93 images created
2025-05-15 16:30:45,257 AU-ALBS04_20161127_125730.wav: 93 images created
2025-05-15 16:30:51,238 AU-ALBS04_20170109_011000.wav: 280 images created
2025-05-15 16:30:54,920 AU-ALBS04_20170525_063345.wav: 140 images created
2025-05-15 16:30:56,415 AU-ALBS04_20161027_060900.wav: 37 images created
2025-05-15 16:31:04,250 AU-ALBS04_20161228_134000.wav: 374 images created
2025-05-15 16:31:06,383 AU-ALBS04_20161206_121600.wav: 55 images created
2025-05-15 16:31:12,448 AU-ALBS04_20161218_140000.wav: 280 images created
2025-05-15 16:31:13,579 AU-ALBS04_20170922_210345.wav: 27 images created
2025-05-15 16:31:18,914 AU-ALBS04_20170520_220345.wav: 234 images created
2025-05-15 16:31:22,540 AU-ALBS04_20161205_051600.wav: 149 images created
2025-05-15 16:31:30,365 AU-ALBS04_20161228_135000.wav: 374 images created
2025-05-15 16:31:33,017 AU-ALBS04_20161218_091730.wav: 93 images created
2025-05-15 16:31:34,396 AU-ALBS04_20170930_051900.wav: 37 images created
2025-05-15 16:31:36,994 AU-ALBS04_20161128_132730.wav: 93 images created
2025-05-15 16:31:44,862 AU-ALBS04_20161220_100000.wav: 374 images created
2025-05-15 16:31:48,245 AU-ALBS04_20170521_224345.wav: 140 images created
2025-05-15 16:31:53,384 AU-ALBS04_20161130_153345.wav: 234 images created
2025-05-15 16:31:55,699 AU-ALBS04_20170109_005730.wav: 93 images created
2025-05-15 16:31:58,433 AU-ALBS04_20161125_105730.wav: 93 images created
2025-05-15 16:32:01,938 AU-ALBS04_20161205_052000.wav: 140 images created
2025-05-15 16:32:03,775 AU-ALBS04_20161228_130000.wav: 55 images created
2025-05-15 16:32:06,954 AU-ALBS04_20161124_140000.wav: 140 images created
2025-05-15 16:32:14,731 AU-ALBS04_20161221_110000.wav: 374 images created
2025-05-15 16:32:17,156 AU-ALBS04_20161218_191730.wav: 93 images created
2025-05-15 16:32:20,029 AU-ALBS04_20161222_123430.wav: 112 images created
2025-05-15 16:32:27,925 AU-ALBS04_20161228_082000.wav: 374 images created
2025-05-15 16:32:33,936 AU-ALBS04_20161228_140000.wav: 280 images created
2025-05-15 16:32:42,015 AU-ALBS04_20170109_060000.wav: 374 images created
2025-05-15 16:32:49,761 AU-ALBS04_20170108_144000.wav: 374 images created
2025-05-15 16:32:57,810 AU-ALBS04_20170108_143000.wav: 374 images created
2025-05-15 16:33:01,408 AU-ALBS04_20170522_080000.wav: 140 images created
2025-05-15 16:33:04,141 AU-ALBS04_20161218_080730.wav: 93 images created
2025-05-15 16:33:06,728 AU-ALBS04_20161130_101730.wav: 93 images created
2025-05-15 16:33:08,082 AU-ALBS04_20161224_142900.wav: 37 images created
2025-05-15 16:33:14,265 AU-ALBS04_20161220_200000.wav: 280 images created
2025-05-15 16:33:20,435 AU-ALBS04_20161027_060000.wav: 280 images created
2025-05-15 16:33:23,073 AU-ALBS04_20161222_220730.wav: 93 images created
2025-05-15 16:33:26,659 AU-ALBS04_20161127_130000.wav: 140 images created
2025-05-15 16:33:34,559 AU-ALBS04_20170109_100000.wav: 374 images created
2025-05-15 16:33:42,514 AU-ALBS04_20161211_060000.wav: 374 images created
2025-05-15 16:33:47,837 AU-ALBS04_20161129_100345.wav: 234 images created
2025-05-15 16:33:51,573 AU-ALBS04_20161127_124345.wav: 140 images created
2025-05-15 16:33:55,065 AU-ALBS04_20161222_222000.wav: 140 images created
2025-05-15 16:34:02,812 AU-ALBS04_20161220_104000.wav: 374 images created
2025-05-15 16:34:11,285 AU-ALBS04_20170108_145000.wav: 374 images created
2025-05-15 16:34:16,479 AU-ALBS04_20161128_134345.wav: 234 images created
2025-05-15 16:34:18,994 AU-ALBS04_20161124_140730.wav: 93 images created
2025-05-15 16:34:26,632 AU-ALBS04_20170204_063000.wav: 374 images created
2025-05-15 16:34:30,092 AU-ALBS04_20161222_124345.wav: 140 images created
2025-05-15 16:34:36,132 AU-ALBS04_20161206_110000.wav: 280 images created
2025-05-15 16:34:42,031 AU-ALBS04_20161207_122000.wav: 280 images created
2025-05-15 16:34:49,972 AU-ALBS04_20161228_131000.wav: 374 images created
2025-05-15 16:34:57,832 AU-ALBS04_20161228_084000.wav: 374 images created
2025-05-15 16:35:03,797 AU-ALBS04_20161211_020000.wav: 280 images created
2025-05-15 16:35:07,537 AU-ALBS04_20170918_180000.wav: 140 images created
2025-05-15 16:35:15,276 AU-ALBS04_20170109_010000.wav: 374 images created
2025-05-15 16:35:16,723 AU-ALBS04_20170921_011900.wav: 37 images created
2025-05-15 16:35:19,495 AU-ALBS04_20170628_011430.wav: 112 images created
2025-05-15 16:35:23,152 AU-ALBS04_20170614_064000.wav: 140 images created
2025-05-15 16:35:26,575 AU-ALBS04_20170615_021345.wav: 140 images created
2025-05-15 16:35:31,653 AU-ALBS04_20170109_061000.wav: 224 images created
2025-05-15 16:35:35,380 AU-ALBS04_20170615_022345.wav: 140 images created
2025-05-15 16:35:40,742 AU-ALBS04_20161218_034345.wav: 234 images created
2025-05-15 16:35:48,559 AU-ALBS04_20161206_112000.wav: 374 images created
2025-05-15 16:35:52,050 AU-ALBS04_20161224_150000.wav: 140 images created
2025-05-15 16:35:57,482 AU-ALBS04_20161207_131345.wav: 234 images created
2025-05-15 16:36:05,602 AU-ALBS04_20161228_133000.wav: 374 images created
2025-05-15 16:36:10,972 AU-ALBS04_20161119_192345.wav: 234 images created
2025-05-15 16:36:13,664 AU-ALBS04_20161224_145730.wav: 93 images created
2025-05-15 16:36:17,048 AU-ALBS04_20161208_081345.wav: 140 images created
2025-05-15 16:36:19,714 AU-ALBS04_20161228_130730.wav: 93 images created
2025-05-15 16:36:28,152 AU-ALBS04_20161211_062000.wav: 374 images created
2025-05-15 16:36:36,246 AU-ALBS04_20161228_141000.wav: 374 images created
2025-05-15 16:36:44,515 AU-ALBS04_20161220_051000.wav: 374 images created
2025-05-15 16:36:48,030 AU-ALBS04_20170109_005000.wav: 140 images created
2025-05-15 16:36:53,476 AU-ALBS04_20170109_050345.wav: 234 images created
2025-05-15 16:37:01,240 AU-ALBS04_20161010_100000.wav: 374 images created
2025-05-15 16:37:09,153 AU-ALBS04_20161206_113000.wav: 374 images created
2025-05-15 16:37:14,588 AU-ALBS04_20170108_140345.wav: 234 images created
2025-05-15 16:37:20,860 AU-ALBS04_20170531_080000.wav: 280 images created
2025-05-15 16:37:24,368 AU-ALBS04_20161218_091000.wav: 140 images created
2025-05-15 16:37:32,214 AU-ALBS04_20161213_081000.wav: 374 images created
2025-05-15 16:37:40,082 AU-ALBS04_20170109_055000.wav: 374 images created
2025-05-15 16:37:43,649 AU-ALBS04_20161207_121000.wav: 140 images created
2025-05-15 16:37:46,364 AU-ALBS04_20161207_120730.wav: 93 images created
2025-05-15 16:37:51,903 AU-ALBS04_20161211_015345.wav: 234 images created
2025-05-15 16:37:59,765 AU-ALBS04_20161215_154000.wav: 374 images created
2025-05-15 16:38:07,474 AU-ALBS04_20170109_051000.wav: 374 images created
2025-05-15 16:38:15,300 AU-ALBS04_20161130_152000.wav: 374 images created
2025-05-15 16:38:18,202 AU-ALBS04_20170922_015730.wav: 93 images created
2025-05-15 16:38:21,759 AU-ALBS04_20161206_111000.wav: 140 images created
2025-05-15 16:38:23,852 AU-ALBS04_20161224_143000.wav: 55 images created
2025-05-15 16:38:31,779 AU-ALBS04_20161215_160000.wav: 374 images created
2025-05-15 16:38:34,479 AU-ALBS04_20161224_150730.wav: 93 images created
2025-05-15 16:38:42,198 AU-ALBS04_20161220_053000.wav: 374 images created
2025-05-15 16:38:50,176 AU-ALBS04_20161220_060000.wav: 374 images created
2025-05-15 16:38:58,016 AU-ALBS04_20161215_155000.wav: 374 images created
2025-05-15 16:39:05,753 AU-ALBS04_20161224_151000.wav: 374 images created
2025-05-15 16:39:13,461 AU-ALBS04_20161219_041000.wav: 374 images created
2025-05-15 16:39:16,088 AU-ALBS04_20161010_094730.wav: 93 images created
2025-05-15 16:39:22,200 AU-ALBS04_20161206_114000.wav: 280 images created
2025-05-15 16:39:24,633 AU-ALBS04_20161208_080730.wav: 93 images created
2025-05-15 16:39:32,565 AU-ALBS04_20161215_153000.wav: 374 images created
2025-05-15 16:39:40,292 AU-ALBS04_20161220_055000.wav: 374 images created
2025-05-15 16:39:45,520 AU-ALBS04_20161205_003345.wav: 234 images created
2025-05-15 16:39:49,029 AU-ALBS04_20170915_040000.wav: 140 images created
2025-05-15 16:39:52,604 AU-ALBS04_20161224_042000.wav: 140 images created
2025-05-15 16:39:56,181 AU-ALBS04_20161213_080000.wav: 140 images created
2025-05-15 16:39:59,861 AU-ALBS04_20161207_120000.wav: 140 images created
2025-05-15 16:40:02,385 AU-ALBS04_20161217_122730.wav: 93 images created
2025-05-15 16:40:05,928 AU-ALBS04_20161213_082000.wav: 140 images created
2025-05-15 16:40:09,745 AU-ALBS04_20161224_141000.wav: 140 images created
2025-05-15 16:40:13,190 AU-ALBS04_20161219_201000.wav: 140 images created
2025-05-15 16:40:20,998 AU-ALBS04_20161220_052000.wav: 374 images created
2025-05-15 16:40:24,389 AU-ALBS04_20170706_085000.wav: 140 images created
2025-05-15 16:40:25,833 AU-ALBS04_20161206_120900.wav: 37 images created
2025-05-15 16:40:28,600 AU-ALBS04_20161207_121730.wav: 93 images created
2025-05-15 16:40:34,917 AU-ALBS04_20161211_011000.wav: 280 images created
2025-05-15 16:40:43,017 AU-ALBS04_20161222_221000.wav: 374 images created
2025-05-15 16:40:51,329 AU-ALBS04_20161211_021000.wav: 374 images created
2025-05-15 16:40:55,192 AU-ALBS04_20161218_033000.wav: 140 images created
2025-05-15 16:41:03,011 AU-ALBS04_20161129_101000.wav: 374 images created
2025-05-15 16:41:05,724 AU-ALBS04_20161128_135730.wav: 93 images created
2025-05-15 16:41:13,549 AU-ALBS04_20161220_061000.wav: 374 images created
2025-05-15 16:41:21,632 AU-ALBS04_20161228_132000.wav: 374 images created
2025-05-15 16:41:29,734 AU-ALBS04_20161205_050000.wav: 374 images created
2025-05-15 16:41:35,159 AU-ALBS04_20170921_005345.wav: 234 images created
2025-05-15 16:41:40,266 AU-ALBS04_20161126_111345.wav: 234 images created
2025-05-15 16:41:43,046 AU-ALBS04_20161219_191730.wav: 93 images created
2025-05-15 16:41:46,576 AU-ALBS04_20161218_185345.wav: 140 images created
2025-05-15 16:41:52,868 AU-ALBS04_20161027_062000.wav: 280 images created
2025-05-15 16:41:55,269 AU-ALBS04_20170109_061730.wav: 93 images created
2025-05-15 16:41:57,700 AU-ALBS04_20161224_140730.wav: 93 images created
2025-05-15 16:41:59,510 AU-ALBS04_20161224_143900.wav: 37 images created
2025-05-15 16:42:07,508 AU-ALBS04_20161218_035000.wav: 374 images created
2025-05-15 16:42:10,969 AU-ALBS04_20170519_010000.wav: 140 images created
2025-05-15 16:42:14,468 AU-ALBS04_20161215_103345.wav: 140 images created
2025-05-15 16:42:22,493 AU-ALBS04_20161220_102000.wav: 374 images created
2025-05-15 16:42:25,888 AU-ALBS04_20161219_192000.wav: 140 images created
2025-05-15 16:42:30,832 AU-ALBS04_20161211_014130.wav: 224 images created
2025-05-15 16:42:38,879 AU-ALBS04_20161125_111000.wav: 374 images created
2025-05-15 16:42:47,055 AU-ALBS04_20161215_110000.wav: 374 images created
2025-05-15 16:42:53,133 AU-ALBS04_20161119_193000.wav: 280 images created
2025-05-15 16:42:56,667 AU-ALBS04_20170625_121345.wav: 140 images created
2025-05-15 16:43:04,683 AU-ALBS04_20161130_150000.wav: 374 images created
2025-05-15 16:43:10,689 AU-ALBS04_20161218_081000.wav: 280 images created
2025-05-15 16:43:13,199 AU-ALBS04_20161218_085730.wav: 93 images created
2025-05-15 16:43:15,850 AU-ALBS04_20161219_091730.wav: 93 images created
2025-05-15 16:43:22,061 AU-ALBS04_20161130_111000.wav: 280 images created
2025-05-15 16:43:30,028 AU-ALBS04_20161224_144000.wav: 374 images created
2025-05-15 16:43:33,573 AU-ALBS04_20161128_133000.wav: 140 images created
2025-05-15 16:43:41,672 AU-ALBS04_20161220_050000.wav: 374 images created
2025-05-15 16:43:45,517 AU-ALBS04_20161222_220000.wav: 140 images created
2025-05-15 16:43:53,632 AU-ALBS04_20161218_082000.wav: 374 images created
2025-05-15 16:43:59,920 AU-ALBS04_20161128_032000.wav: 280 images created
2025-05-15 16:44:04,010 AU-ALBS04_20170109_052000.wav: 168 images created
2025-05-15 16:44:05,954 AU-ALBS04_20161206_120130.wav: 55 images created
2025-05-15 16:44:09,336 AU-ALBS04_20170722_040000.wav: 140 images created
2025-05-15 16:44:12,938 AU-ALBS04_20170525_061345.wav: 140 images created
2025-05-15 16:44:18,148 AU-ALBS04_20161220_103345.wav: 234 images created
2025-05-15 16:44:23,357 AU-ALBS04_20161213_030345.wav: 234 images created
2025-05-15 16:44:31,160 AU-ALBS04_20170109_054000.wav: 374 images created
2025-05-15 16:44:34,783 AU-ALBS04_20161211_010345.wav: 140 images created
2025-05-15 16:44:42,732 AU-ALBS04_20161228_090000.wav: 374 images created
2025-05-15 16:44:46,407 AU-ALBS04_20170525_071345.wav: 140 images created
2025-05-15 16:44:49,024 AU-ALBS04_20161215_152730.wav: 93 images created
2025-05-15 16:44:52,555 AU-ALBS04_20161213_032000.wav: 140 images created
2025-05-15 16:45:00,507 AU-ALBS04_20161010_092000.wav: 374 images created
2025-05-15 16:45:06,913 AU-ALBS04_20161220_105000.wav: 280 images created
2025-05-15 16:45:12,085 AU-ALBS04_20161220_054345.wav: 234 images created
2025-05-15 16:45:14,608 AU-ALBS04_20161218_190730.wav: 93 images created
2025-05-15 16:45:19,926 AU-ALBS04_20161130_151345.wav: 234 images created
2025-05-15 16:45:22,544 AU-ALBS04_20170922_011345.wav: 84 images created
2025-05-15 16:45:30,587 AU-ALBS04_20170109_004000.wav: 374 images created
2025-05-15 16:45:38,645 AU-ALBS04_20161215_105000.wav: 374 images created
2025-05-15 16:45:46,741 AU-ALBS04_20170108_151000.wav: 374 images created
2025-05-15 16:45:46,887 Saved labels to ./DataInput/Humpback/al16_bs4_humpback_data_humpback_overlap400ms_spectrogram_labels.csv
2025-05-15 16:45:47,174 Processing 21 files in ./DataInput/Humpback/LCI_Chinitna_humpback_data
2025-05-15 16:47:14,687 Chinitna_HB5.1_191019205208.wav: 3285 images created
2025-05-15 16:50:45,053 Chinitna_HB17_191118071752.wav: 8037 images created
2025-05-15 16:51:05,093 Chinitna_HB11_191030082049.wav: 801 images created
2025-05-15 16:55:35,852 Chinitna_HB10.2_191029202054.wav: 10396 images created
2025-05-15 16:55:55,939 Chinitna_HB13_191101082028.wav: 678 images created
2025-05-15 16:56:57,726 Chinitna_HB8_191027202114.wav: 2637 images created
2025-05-15 16:59:39,058 Chinitna_HB4_191018205217.wav: 6028 images created
2025-05-15 17:04:13,083 Chinitna_HB1_191002205500.wav: 11338 images created
2025-05-15 17:05:01,203 Chinitna_HB9_191028082108.wav: 1937 images created
2025-05-15 17:11:03,992 Chinitna_HB12_191030202043.wav: 13485 images created
2025-05-15 17:12:15,482 Chinitna_HB3_191009205342.wav: 2930 images created
2025-05-15 17:13:22,715 Chinitna_HB5.2_191019205208.wav: 2788 images created
2025-05-15 17:18:34,165 Chinitna_HB6.1_191020205157.wav: 13829 images created
2025-05-15 17:21:11,301 Chinitna_HB6.2_191020205157.wav: 6676 images created
2025-05-15 17:24:06,472 Chinitna_HB14.2_191101202023.wav: 7666 images created
2025-05-15 17:25:06,409 Chinitna_HB10.1_191029202054.wav: 2822 images created
2025-05-15 17:27:30,796 Chinitna_HB14.1_191101202023.wav: 6405 images created
2025-05-15 17:29:03,866 Chinitna_HB7_191023202155.wav: 3933 images created
2025-05-15 17:30:02,613 Chinitna_HB2_191007205404.wav: 2313 images created
2025-05-15 17:30:49,650 Chinitna_HB15_191102082018.wav: 2175 images created
2025-05-15 17:32:13,228 Chinitna_HB16_191116071806.wav: 3702 images created
2025-05-15 17:32:13,495 Saved labels to ./DataInput/Humpback/lci_chinitna_humpback_data_humpback_overlap400ms_spectrogram_labels.csv
2025-05-15 17:32:13,762 Processing 16 files in ./DataInput/Humpback/LCI_Iniskin_humpback_data
2025-05-15 17:34:11,503 Iniskin_HB3_191007205431.wav: 5707 images created
2025-05-15 17:40:29,991 Iniskin_HB14_191101195358.wav: 16753 images created
2025-05-15 17:49:00,956 Iniskin_HB8_191020205232.wav: 22632 images created
2025-05-15 17:50:15,254 Iniskin_HB2_191002205519.wav: 3440 images created
2025-05-15 17:50:38,983 Iniskin_HB12_191030075427.wav: 1064 images created
2025-05-15 17:55:37,470 Iniskin_HB6_191018205250.wav: 13884 images created
2025-05-15 17:56:28,374 Iniskin_HB15_191102075353.wav: 2313 images created
2025-05-15 17:57:35,345 Iniskin_HB5_191017205258.wav: 3131 images created
2025-05-15 17:58:54,049 Iniskin_HB16_191116065140.wav: 3702 images created
2025-05-15 18:05:53,484 Iniskin_HB11_191029195433.wav: 19823 images created
2025-05-15 18:09:32,378 Iniskin_HB13_191030195421.wav: 10351 images created
2025-05-15 18:10:51,315 Iniskin_HB7_191019205242.wav: 3686 images created
2025-05-15 18:10:58,308 Iniskin_HB9_191023201201.wav: 262 images created
2025-05-15 18:11:55,915 Iniskin_HB10_191028075451.wav: 2761 images created
2025-05-15 18:13:21,576 Iniskin_HB4_191009205408.wav: 4057 images created
2025-05-15 18:15:26,720 Iniskin_HB1_190918205754.wav: 5923 images created
2025-05-15 18:15:27,078 Saved labels to ./DataInput/Humpback/lci_iniskin_humpback_data_humpback_overlap400ms_spectrogram_labels.csv
2025-05-15 18:15:27,078 No .wav files found under ./DataInput/Humpback/LCI_Port_Graham_humpback_data
2025-05-15 18:15:27,079 Completed for species: Humpback
2025-05-15 18:15:27,081 Starting for species: Orca
2025-05-15 18:15:29,367 Processing 8 files in ./DataInput/Orca/SWCorner
2025-05-15 18:18:38,734 SWcorner_encounter_2.wav: 9094 images created
2025-05-15 18:20:04,212 SWcorner_encounter_3.wav: 3825 images created
2025-05-15 18:23:03,885 SWcorner_encounter_4.wav: 7759 images created
2025-05-15 18:23:52,071 SWcorner_encounter_5.wav: 2009 images created
2025-05-15 18:24:06,456 SWcorner_encounter_7.wav: 620 images created
2025-05-15 18:24:48,141 SWcorner_encounter_1.wav: 1970 images created
2025-05-15 18:26:51,406 SWcorner_encounter_6.wav: 5299 images created
2025-05-15 18:27:04,825 SWcorner_encounter_9.wav: 582 images created
2025-05-15 18:27:04,970 Saved labels to ./DataInput/Orca/swcorner_orca_overlap400ms_spectrogram_labels.csv
2025-05-15 18:27:06,085 Processing 11 files in ./DataInput/Orca/Chinitna
2025-05-15 18:27:06,879 Chinitna_encounter_1.wav: 1 images created
2025-05-15 18:27:12,788 Chinitna_encounter_4 (1).wav: 227 images created
2025-05-15 18:27:14,331 Chinitna_encounter_13.wav: 34 images created
2025-05-15 18:27:15,262 Chinitna_encounter_9.wav: 5 images created
2025-05-15 18:28:12,342 Chinitna_encounter_2.wav: 2653 images created
2025-05-15 18:30:43,699 Chinitna_encounter_6.wav: 6456 images created
2025-05-15 18:31:22,461 Chinitna_encounter_7.wav: 1519 images created
2025-05-15 18:32:51,904 Chinitna_encounter_11.wav: 3939 images created
2025-05-15 18:33:33,505 Chinitna_encounter_4 (2).wav: 1741 images created
2025-05-15 18:34:02,364 Chinitna_encounter_3.wav: 1133 images created
2025-05-15 18:35:24,162 Chinitna_encounter_8.wav: 3490 images created
2025-05-15 18:35:24,298 Saved labels to ./DataInput/Orca/chinitna_orca_overlap400ms_spectrogram_labels.csv
2025-05-15 18:35:25,609 Processing 14 files in ./DataInput/Orca/Iniskin
2025-05-15 18:37:04,262 Iniskin_encounter_6.wav: 4192 images created
2025-05-15 18:38:38,010 Iniskin_encounter_4.wav: 3968 images created
2025-05-15 18:39:39,072 Iniskin_encounter_10.wav: 2607 images created
2025-05-15 18:39:40,687 Iniskin_encounter_11.wav: 15 images created
2025-05-15 18:39:42,238 Iniskin_encounter_9.wav: 24 images created
2025-05-15 18:40:18,393 Iniskin_encounter_7.wav: 1500 images created
2025-05-15 18:40:25,069 Iniskin_encounter_14.wav: 235 images created
2025-05-15 18:40:28,543 Iniskin_encounter_5.wav: 92 images created
2025-05-15 18:41:01,545 Iniskin_encounter_3.wav: 1422 images created
2025-05-15 18:41:16,932 Iniskin_encounter_13.wav: 578 images created
2025-05-15 18:41:50,247 Iniskin_encounter_2.wav: 1374 images created
2025-05-15 18:42:00,309 Iniskin_encounter_12.wav: 377 images created
2025-05-15 18:42:11,024 Iniskin_encounter_8.wav: 412 images created
2025-05-15 18:42:12,580 Iniskin_encounter_1.wav: 22 images created
2025-05-15 18:42:12,725 Saved labels to ./DataInput/Orca/iniskin_orca_overlap400ms_spectrogram_labels.csv
2025-05-15 18:42:13,849 Processing 36 files in ./DataInput/Orca/PtGraham
2025-05-15 18:43:43,192 PtGraham_encounter_7.wav: 3818 images created
2025-05-15 18:44:39,527 PtGraham_encounter_30.wav: 2402 images created
2025-05-15 18:44:52,690 PtGraham_encounter_16.wav: 501 images created
2025-05-15 18:47:40,481 PtGraham_encounter_24.wav: 7212 images created
2025-05-15 18:48:35,096 PtGraham_encounter_34.wav: 2329 images created
2025-05-15 18:49:11,178 PtGraham_encounter_27.wav: 1503 images created
2025-05-15 18:50:02,346 PtGraham_encounter_25.wav: 2147 images created
2025-05-15 18:51:00,607 PtGraham_encounter_33.wav: 2510 images created
2025-05-15 18:53:05,152 PtGraham_encounter_21.wav: 5345 images created
2025-05-15 18:55:23,057 PtGraham_encounter_13.wav: 6016 images created
2025-05-15 18:55:37,440 PtGraham_encounter_28.wav: 547 images created
2025-05-15 18:56:54,112 PtGraham_encounter_15.wav: 3301 images created
2025-05-15 18:57:20,073 PtGraham_encounter_20.wav: 1083 images created
2025-05-15 18:57:37,225 PtGraham_encounter_26.wav: 693 images created
2025-05-15 18:58:28,400 PtGraham_encounter_35.wav: 2122 images created
2025-05-15 18:58:51,394 PtGraham_encounter_36.wav: 942 images created
2025-05-15 19:00:23,262 PtGraham_encounter_14.wav: 3910 images created
2025-05-15 19:01:11,293 PtGraham_encounter_8.wav: 2013 images created
2025-05-15 19:02:43,813 PtGraham_encounter_19.wav: 3474 images created
2025-05-15 19:03:13,352 PtGraham_encounter_17.wav: 1226 images created
2025-05-15 19:03:21,142 PtGraham_encounter_9.wav: 285 images created
2025-05-15 19:03:28,056 PtGraham_encounter_10.wav: 238 images created
2025-05-15 19:03:47,878 PtGraham_encounter_12.wav: 747 images created
2025-05-15 19:04:12,028 PtGraham_encounter_22.wav: 990 images created
2025-05-15 19:04:13,603 PtGraham_encounter_29.wav: 27 images created
2025-05-15 19:04:42,311 PtGraham_encounter_11.wav: 1187 images created
2025-05-15 19:05:45,024 PtGraham_encounter_18.wav: 2645 images created
2025-05-15 19:05:52,153 PtGraham_encounter_2.wav: 231 images created
2025-05-15 19:05:56,078 PtGraham_encounter_1.wav: 123 images created
2025-05-15 19:07:18,076 PtGraham_encounter_5.wav: 3463 images created
2025-05-15 19:07:29,741 PtGraham_encounter_31.wav: 458 images created
2025-05-15 19:07:43,440 PtGraham_encounter_6.wav: 524 images created
2025-05-15 19:08:11,281 PtGraham_encounter_32.wav: 1125 images created
2025-05-15 19:08:38,534 PtGraham_encounter_3.wav: 1106 images created
2025-05-15 19:09:39,010 PtGraham_encounter_37.wav: 2580 images created
2025-05-15 19:09:46,274 PtGraham_encounter_4.wav: 246 images created
2025-05-15 19:09:46,512 Saved labels to ./DataInput/Orca/ptgraham_orca_overlap400ms_spectrogram_labels.csv
2025-05-15 19:09:46,512 Completed for species: Orca
2025-05-15 19:09:46,514 Starting for species: Beluga
2025-05-15 19:09:47,713 Processing 18030 files in ./DataInput/Beluga/201D/604536840
2025-05-15 19:09:53,133 604536840.180202090002.wav: 187 images created
2025-05-15 19:09:58,561 604536840.180124190002.wav: 187 images created
2025-05-15 19:10:04,042 604536840.171011220002.wav: 187 images created
2025-05-15 19:10:09,821 604536840.171118134502.wav: 187 images created
2025-05-15 19:10:15,250 604536840.180106194502.wav: 187 images created
2025-05-15 19:10:20,880 604536840.180108221502.wav: 187 images created
2025-05-15 19:10:26,886 604536840.171129181502.wav: 187 images created
2025-05-15 19:10:32,417 604536840.171221220002.wav: 187 images created
2025-05-15 19:10:37,659 604536840.180208021502.wav: 187 images created
2025-05-15 19:10:43,216 604536840.171204103002.wav: 187 images created
2025-05-15 19:10:48,951 604536840.171018203002.wav: 187 images created
2025-05-15 19:10:54,479 604536840.171020004502.wav: 187 images created
2025-05-15 19:10:59,851 604536840.180216184502.wav: 187 images created
2025-05-15 19:11:05,233 604536840.180207051502.wav: 187 images created
2025-05-15 19:11:10,992 604536840.171207151502.wav: 187 images created
2025-05-15 19:11:16,456 604536840.171026123002.wav: 187 images created
2025-05-15 19:11:21,855 604536840.180205100002.wav: 187 images created
2025-05-15 19:11:27,457 604536840.171110144502.wav: 187 images created
2025-05-15 19:11:32,779 604536840.171019201502.wav: 187 images created
2025-05-15 19:11:38,447 604536840.180129230002.wav: 187 images created
2025-05-15 19:11:43,980 604536840.180307144502.wav: 187 images created
2025-05-15 19:11:49,652 604536840.171104033002.wav: 187 images created
2025-05-15 19:11:55,270 604536840.171119054502.wav: 187 images created
2025-05-15 19:12:00,965 604536840.180319141502.wav: 187 images created
2025-05-15 19:12:06,811 604536840.180117091502.wav: 187 images created
2025-05-15 19:12:12,668 604536840.171220163002.wav: 187 images created
2025-05-15 19:12:18,215 604536840.171008191502.wav: 187 images created
2025-05-15 19:12:23,947 604536840.171230190002.wav: 187 images created
2025-05-15 19:12:29,710 604536840.171106071502.wav: 187 images created
2025-05-15 19:12:35,299 604536840.171220211502.wav: 187 images created
2025-05-15 19:12:40,822 604536840.171021051502.wav: 187 images created
2025-05-15 19:12:46,338 604536840.171121014502.wav: 187 images created
2025-05-15 19:12:51,615 604536840.180203011502.wav: 187 images created
2025-05-15 19:12:57,383 604536840.171118163002.wav: 187 images created
2025-05-15 19:13:02,636 604536840.180127160002.wav: 187 images created
2025-05-15 19:13:08,065 604536840.180323160002.wav: 187 images created
2025-05-15 19:13:13,550 604536840.171128080002.wav: 187 images created
2025-05-15 19:13:18,857 604536840.180322181502.wav: 187 images created
2025-05-15 19:13:24,790 604536840.180317020002.wav: 187 images created
2025-05-15 19:13:30,660 604536840.180120014502.wav: 187 images created
2025-05-15 19:13:36,307 604536840.171003051502.wav: 187 images created
2025-05-15 19:13:41,710 604536840.171016001502.wav: 187 images created
2025-05-15 19:13:47,230 604536840.171125010002.wav: 187 images created
